C:\Users\mrp\source\repos\ASPRITSAMPLE\ASPRITSAMPLE\ClientApp\dist\out-tsc\src\app\model.js
C:\Users\mrp\source\repos\ASPRITSAMPLE\ASPRITSAMPLE\ClientApp\dist\out-tsc\src\app\model.js.map
C:\Users\mrp\source\repos\ASPRITSAMPLE\ASPRITSAMPLE\ClientApp\dist\out-tsc\src\app\api.service.js
C:\Users\mrp\source\repos\ASPRITSAMPLE\ASPRITSAMPLE\ClientApp\dist\out-tsc\src\app\api.service.js.map
C:\Users\mrp\source\repos\ASPRITSAMPLE\ASPRITSAMPLE\ClientApp\dist\out-tsc\src\app\app.component.js
C:\Users\mrp\source\repos\ASPRITSAMPLE\ASPRITSAMPLE\ClientApp\dist\out-tsc\src\app\app.component.js.map
C:\Users\mrp\source\repos\ASPRITSAMPLE\ASPRITSAMPLE\ClientApp\dist\out-tsc\src\app\angular6-scroll\angular6-scroll.component.js
C:\Users\mrp\source\repos\ASPRITSAMPLE\ASPRITSAMPLE\ClientApp\dist\out-tsc\src\app\angular6-scroll\angular6-scroll.component.js.map
C:\Users\mrp\source\repos\ASPRITSAMPLE\ASPRITSAMPLE\ClientApp\dist\out-tsc\src\app\virtual-scroll\virtual-scroll.component.js
C:\Users\mrp\source\repos\ASPRITSAMPLE\ASPRITSAMPLE\ClientApp\dist\out-tsc\src\app\virtual-scroll\virtual-scroll.component.js.map
C:\Users\mrp\source\repos\ASPRITSAMPLE\ASPRITSAMPLE\ClientApp\dist\out-tsc\src\app\app.module.js
C:\Users\mrp\source\repos\ASPRITSAMPLE\ASPRITSAMPLE\ClientApp\dist\out-tsc\src\app\app.module.js.map
C:\Users\mrp\source\repos\ASPRITSAMPLE\ASPRITSAMPLE\ClientApp\dist\out-tsc\src\environments\environment.js
C:\Users\mrp\source\repos\ASPRITSAMPLE\ASPRITSAMPLE\ClientApp\dist\out-tsc\src\environments\environment.js.map
C:\Users\mrp\source\repos\ASPRITSAMPLE\ASPRITSAMPLE\ClientApp\dist\out-tsc\src\main.js
C:\Users\mrp\source\repos\ASPRITSAMPLE\ASPRITSAMPLE\ClientApp\dist\out-tsc\src\main.js.map
C:\Users\mrp\source\repos\ASPRITSAMPLE\ASPRITSAMPLE\ClientApp\dist\out-tsc\src\polyfills.js
C:\Users\mrp\source\repos\ASPRITSAMPLE\ASPRITSAMPLE\ClientApp\dist\out-tsc\src\polyfills.js.map
C:\Users\mrp\source\repos\ASPRITSAMPLE\ASPRITSAMPLE\ClientApp\dist\out-tsc\src\test.js
C:\Users\mrp\source\repos\ASPRITSAMPLE\ASPRITSAMPLE\ClientApp\dist\out-tsc\src\test.js.map
C:\Users\mrp\source\repos\ASPRITSAMPLE\ASPRITSAMPLE\ClientApp\dist\out-tsc\e2e\src\app.po.js
C:\Users\mrp\source\repos\ASPRITSAMPLE\ASPRITSAMPLE\ClientApp\dist\out-tsc\e2e\src\app.po.js.map
C:\Users\mrp\source\repos\ASPRITSAMPLE\ASPRITSAMPLE\ClientApp\dist\out-tsc\e2e\src\app.e2e-spec.js
C:\Users\mrp\source\repos\ASPRITSAMPLE\ASPRITSAMPLE\ClientApp\dist\out-tsc\e2e\src\app.e2e-spec.js.map
C:\Users\mrp\source\repos\ASPRITSAMPLE\ASPRITSAMPLE\ClientApp\dist\out-tsc\src\app\app.component.spec.js
C:\Users\mrp\source\repos\ASPRITSAMPLE\ASPRITSAMPLE\ClientApp\dist\out-tsc\src\app\app.component.spec.js.map
C:\Users\mrp\source\repos\ASPRITSAMPLE\ASPRITSAMPLE\ClientApp\dist\out-tsc\src\environments\environment.prod.js
C:\Users\mrp\source\repos\ASPRITSAMPLE\ASPRITSAMPLE\ClientApp\dist\out-tsc\src\environments\environment.prod.js.map
C:\Users\mrp\source\repos\ASPRITSAMPLE\ASPRITSAMPLE\ClientApp\dist\out-tsc\src\app\angular6-scroll\angular6-scroll.component.spec.js
C:\Users\mrp\source\repos\ASPRITSAMPLE\ASPRITSAMPLE\ClientApp\dist\out-tsc\src\app\angular6-scroll\angular6-scroll.component.spec.js.map
C:\Users\mrp\source\repos\ASPRITSAMPLE\ASPRITSAMPLE\ClientApp\dist\out-tsc\src\app\virtual-scroll\virtual-scroll.component.spec.js
C:\Users\mrp\source\repos\ASPRITSAMPLE\ASPRITSAMPLE\ClientApp\dist\out-tsc\src\app\virtual-scroll\virtual-scroll.component.spec.js.map
